<?xml version="1.0" encoding="UTF-8" ?>
<testsuite errors="0" failures="0" hostname="LAPTOP-K3PTTONE" name="model.DAOtests" skipped="0" tests="3" time="0.438" timestamp="2017-09-27T08:06:18">
  <properties>
[...]
</properties>
  <testcase classname="model.DAOtests" name="testActivityDAO" time="0.046" />
  <testcase classname="model.DAOtests" name="testSPDAO" time="0.032" />
  <testcase classname="model.DAOtests" name="testNothing" time="0.0" />
  <system-out><![CDATA[aijaa
aijaa
]]></system-out>
  <system-err><![CDATA[]]></system-err>
</testsuite>
